2023-09-07 22:54:45,634 - INFO - Scraping URL: https://www.cessionpme.com/index.php?action=affichage&annonce=offre&moteur=OUI&type_moteur=imo&nature_imo=V&region_imo=2&commune_imo=0&multiple_lieu_imo&trap_imo&ou_imo&surfmin&et&immo_tri=prix&immo_tri=prix&surfmax&entre&entre_dab&et_dab&cwkg_rent_max&cwkg_places_min&motcle_imo&departement_imo=93&secteur_activite_imo=Locaux, Entrepôts, Terrains&rubrique_imo=
2023-09-07 22:54:45,635 - INFO - Scraping page 1
2023-09-07 22:54:47,353 - INFO - Found 1 advertisements on page 1
2023-09-07 22:54:47,353 - INFO - Found 2 advertisements on page 1
2023-09-07 22:54:47,353 - INFO - Found 3 advertisements on page 1
2023-09-07 22:54:47,354 - INFO - Found 4 advertisements on page 1
2023-09-07 22:54:47,354 - INFO - Found 5 advertisements on page 1
2023-09-07 22:54:47,355 - INFO - Found 6 advertisements on page 1
2023-09-07 22:54:47,355 - INFO - Found 7 advertisements on page 1
2023-09-07 22:54:47,355 - INFO - Found 8 advertisements on page 1
2023-09-07 22:54:47,355 - INFO - Found 9 advertisements on page 1
2023-09-07 22:54:47,356 - INFO - Found 10 advertisements on page 1
2023-09-07 22:54:47,356 - INFO - Found 11 advertisements on page 1
2023-09-07 22:54:47,356 - INFO - Found 12 advertisements on page 1
2023-09-07 22:54:47,356 - INFO - Scraping page 2
2023-09-07 22:54:48,434 - INFO - Found 13 advertisements on page 2
2023-09-07 22:54:48,434 - INFO - Found 14 advertisements on page 2
2023-09-07 22:54:48,435 - INFO - Found 15 advertisements on page 2
2023-09-07 22:54:48,435 - INFO - Found 16 advertisements on page 2
2023-09-07 22:54:48,435 - INFO - Found 17 advertisements on page 2
2023-09-07 22:54:48,435 - INFO - Found 18 advertisements on page 2
2023-09-07 22:54:48,436 - INFO - Found 19 advertisements on page 2
2023-09-07 22:54:48,436 - INFO - Found 20 advertisements on page 2
2023-09-07 22:54:48,436 - INFO - Found 21 advertisements on page 2
2023-09-07 22:54:48,436 - INFO - Found 22 advertisements on page 2
2023-09-07 22:54:48,437 - INFO - Found 23 advertisements on page 2
2023-09-07 22:54:48,437 - INFO - Data for department 93 saved to scrap/datas/resultats_64.json
2023-09-07 22:54:48,438 - INFO - Data for department 93 saved to scrap/datas/resultats_64.json
2023-09-07 22:54:48,446 - INFO - Updating existing record for https://www.cessionpme.com/annonce,immo-entreprise-acheter-bureaux-calme-et-lumineux-95m2-anglet-64600,2220827,A,offre.html
2023-09-07 22:54:48,446 - INFO - Updating existing record for https://www.cessionpme.com/annonce,immo-entreprise-achat-local-professionnel-biarritz-64200,2214134,A,offre.html
2023-09-07 22:54:48,446 - INFO - Updating existing record for https://www.cessionpme.com/annonce,immo-entreprise-achat-local-commercial-pau-64000,2218872,A,offre.html
2023-09-07 22:54:48,447 - INFO - Updating existing record for https://www.cessionpme.com/annonce,immo-entreprise-achat-murs-commerciaux-bonne-rentabilite-monein-64360,2218826,A,offre.html
2023-09-07 22:54:48,447 - INFO - Updating existing record for https://www.cessionpme.com/annonce,immo-entreprise-vente-murs-commerciaux-pau-64000,2218824,A,offre.html
2023-09-07 22:54:48,447 - INFO - Updating existing record for https://www.cessionpme.com/annonce,immo-entreprise-achat-centre-medical-pau-64000,2218345,A,offre.html
2023-09-07 22:54:48,447 - INFO - Updating existing record for https://www.cessionpme.com/annonce,immo-entreprise-acheter-locaux-pour-activite-medicale-pau-64000,2218092,A,offre.html
2023-09-07 22:54:48,447 - INFO - Updating existing record for https://www.cessionpme.com/annonce,immo-entreprise-vente-plateau-pau-64000,2218091,A,offre.html
2023-09-07 22:54:48,447 - INFO - Updating existing record for https://www.cessionpme.com/annonce,immo-entreprise-acheter-boutique-oloron-sainte-marie-64400,2217873,A,offre.html
2023-09-07 22:54:48,448 - INFO - Updating existing record for https://www.cessionpme.com/annonce,immo-entreprise-vente-murs-commerciaux-194m2-pau-64000,2217650,A,offre.html
2023-09-07 22:54:48,448 - INFO - Updating existing record for https://www.cessionpme.com/annonce,immo-entreprise-acheter-batiment-activites-agglomeration-de-pau,2217416,A,offre.html
2023-09-07 22:54:48,448 - INFO - Updating existing record for https://www.cessionpme.com/annonce,immo-entreprise-vente-plateau-proche-du-centre-ville-de-pau,2217165,A,offre.html
2023-09-07 22:54:48,448 - INFO - Updating existing record for https://www.cessionpme.com/annonce,immo-entreprise-achat-murs-commerciaux-30m2-bayonne-centre-64100,2216880,A,offre.html
2023-09-07 22:54:48,448 - INFO - Updating existing record for https://www.cessionpme.com/annonce,immo-entreprise-acheter-opportunite-sur-axe-passant-lons-64140,2216679,A,offre.html
2023-09-07 22:54:48,449 - INFO - Updating existing record for https://www.cessionpme.com/annonce,immo-entreprise-achat-ensemble-immobilier-lons-64140,2216678,A,offre.html
2023-09-07 22:54:48,449 - INFO - Updating existing record for https://www.cessionpme.com/annonce,immo-entreprise-acheter-batiment-commercial-lons-64140,2216676,A,offre.html
2023-09-07 22:54:48,449 - INFO - Updating existing record for https://www.cessionpme.com/annonce,immo-entreprise-vente-bureau-pau-64000,2216672,A,offre.html
2023-09-07 22:54:48,449 - INFO - Updating existing record for https://www.cessionpme.com/annonce,immo-entreprise-achat-plateaux-de-bureaux-pau-nord-64000,2216671,A,offre.html
2023-09-07 22:54:48,449 - INFO - Updating existing record for https://www.cessionpme.com/annonce,immo-entreprise-achat-ensemble-de-bureaux-et-locaux-activite-saint-jean-de-luz-64500,2216648,A,offre.html
2023-09-07 22:54:48,449 - INFO - Updating existing record for https://www.cessionpme.com/annonce,immo-entreprise-acheter-opportunite-investisseur-proche-clemenceau-pau-64000,2216670,A,offre.html
2023-09-07 22:54:48,450 - INFO - Updating existing record for https://www.cessionpme.com/annonce,immo-entreprise-vente-local-commercial-1153m2-hasparren-64240,2215807,A,offre.html
2023-09-07 22:54:48,450 - INFO - Updating existing record for https://www.cessionpme.com/annonce,immo-entreprise-vente-murs-commerciaux-local-professionnel-prof-liberale-biarritz-64200,2215712,A,offre.html
2023-09-07 22:54:48,450 - INFO - Updating existing record for https://www.cessionpme.com/annonce,immo-entreprise-vente-murs-restaurant-bar-logement-bayonne-64100,2215644,A,offre.html
2023-09-07 22:54:48,450 - INFO - Data inserted into the database successfully
2023-09-07 22:54:48,450 - INFO - Scraping URL: https://www.cessionpme.com/index.php?action=affichage&annonce=offre&moteur=OUI&type_moteur=imo&nature_imo=V&region_imo=2&commune_imo=0&multiple_lieu_imo&trap_imo&ou_imo&surfmin&et&immo_tri=prix&immo_tri=prix&surfmax&entre&entre_dab&et_dab&cwkg_rent_max&cwkg_places_min&motcle_imo&departement_imo=93&secteur_activite_imo=Bureaux, Coworking&rubrique_imo=52
2023-09-07 22:54:48,450 - INFO - Scraping page 1
2023-09-07 22:54:50,225 - INFO - Found 1 advertisements on page 1
2023-09-07 22:54:50,225 - INFO - Found 2 advertisements on page 1
2023-09-07 22:54:50,226 - INFO - Found 3 advertisements on page 1
2023-09-07 22:54:50,226 - INFO - Found 4 advertisements on page 1
2023-09-07 22:54:50,226 - INFO - Found 5 advertisements on page 1
2023-09-07 22:54:50,227 - INFO - Found 6 advertisements on page 1
2023-09-07 22:54:50,227 - INFO - Found 7 advertisements on page 1
2023-09-07 22:54:50,227 - INFO - Found 8 advertisements on page 1
2023-09-07 22:54:50,227 - INFO - Found 9 advertisements on page 1
2023-09-07 22:54:50,228 - INFO - Found 10 advertisements on page 1
2023-09-07 22:54:50,228 - INFO - Found 11 advertisements on page 1
2023-09-07 22:54:50,228 - INFO - Found 12 advertisements on page 1
2023-09-07 22:54:50,228 - INFO - Scraping page 2
2023-09-07 22:54:51,442 - INFO - Found 13 advertisements on page 2
2023-09-07 22:54:51,443 - INFO - Found 14 advertisements on page 2
2023-09-07 22:54:51,443 - INFO - Found 15 advertisements on page 2
2023-09-07 22:54:51,443 - INFO - Found 16 advertisements on page 2
2023-09-07 22:54:51,444 - INFO - Found 17 advertisements on page 2
2023-09-07 22:54:51,444 - INFO - Found 18 advertisements on page 2
2023-09-07 22:54:51,444 - INFO - Found 19 advertisements on page 2
2023-09-07 22:54:51,445 - INFO - Found 20 advertisements on page 2
2023-09-07 22:54:51,445 - INFO - Found 21 advertisements on page 2
2023-09-07 22:54:51,445 - INFO - Found 22 advertisements on page 2
2023-09-07 22:54:51,445 - INFO - Found 23 advertisements on page 2
2023-09-07 22:54:51,446 - INFO - Found 24 advertisements on page 2
2023-09-07 22:54:51,446 - INFO - Data for department 93 saved to scrap/datas/resultats_64.json
2023-09-07 22:54:51,447 - INFO - Data for department 93 saved to scrap/datas/resultats_64.json
2023-09-07 22:54:51,448 - INFO - Updating existing record for https://www.cessionpme.com/annonce,immo-entreprise-acheter-bureaux-calme-et-lumineux-95m2-anglet-64600,2220827,A,offre.html
2023-09-07 22:54:51,448 - INFO - Updating existing record for https://www.cessionpme.com/annonce,immo-entreprise-acheter-locaux-pour-activite-medicale-pau-64000,2218092,A,offre.html
2023-09-07 22:54:51,449 - INFO - Updating existing record for https://www.cessionpme.com/annonce,immo-entreprise-vente-plateau-pau-64000,2218091,A,offre.html
2023-09-07 22:54:51,449 - INFO - Updating existing record for https://www.cessionpme.com/annonce,immo-entreprise-vente-plateau-proche-du-centre-ville-de-pau,2217165,A,offre.html
2023-09-07 22:54:51,449 - INFO - Updating existing record for https://www.cessionpme.com/annonce,immo-entreprise-vente-bureau-pau-64000,2216672,A,offre.html
2023-09-07 22:54:51,449 - INFO - Updating existing record for https://www.cessionpme.com/annonce,immo-entreprise-achat-plateaux-de-bureaux-pau-nord-64000,2216671,A,offre.html
2023-09-07 22:54:51,450 - INFO - Updating existing record for https://www.cessionpme.com/annonce,immo-entreprise-acheter-bureaux-pau-64000,2214340,A,offre.html
2023-09-07 22:54:51,450 - INFO - Updating existing record for https://www.cessionpme.com/annonce,immo-entreprise-achat-bureaux-pau-64000,2212186,A,offre.html
2023-09-07 22:54:51,450 - INFO - Updating existing record for https://www.cessionpme.com/annonce,immo-entreprise-acheter-bureaux-proche-de-tous-les-transports-serres-castet-64121,2212185,A,offre.html
2023-09-07 22:54:51,450 - INFO - Updating existing record for https://www.cessionpme.com/annonce,immo-entreprise-achat-bureaux-pau-64000,2212184,A,offre.html
2023-09-07 22:54:51,450 - INFO - Updating existing record for https://www.cessionpme.com/annonce,immo-entreprise-vente-bureaux-de-68-m2-lumineux-serres-castet-64121,2212183,A,offre.html
2023-09-07 22:54:51,451 - INFO - Updating existing record for https://www.cessionpme.com/annonce,immo-entreprise-achat-bureaux-serres-castet-64121,2212182,A,offre.html
2023-09-07 22:54:51,451 - INFO - Updating existing record for https://www.cessionpme.com/annonce,immo-entreprise-acheter-anglet-bureaux-ref-7049fd-64600,2211072,A,offre.html
2023-09-07 22:54:51,451 - INFO - Updating existing record for https://www.cessionpme.com/annonce,immo-entreprise-vente-bureaux-en-zone-activite-saint-jean-de-luz-64500,2208110,A,offre.html
2023-09-07 22:54:51,451 - INFO - Updating existing record for https://www.cessionpme.com/annonce,immo-entreprise-achat-biarritz-bureau-40m2-64200,2200560,A,offre.html
2023-09-07 22:54:51,451 - INFO - Updating existing record for https://www.cessionpme.com/annonce,immo-entreprise-achat-pau-bureaux-2600m2-64000,2197307,A,offre.html
2023-09-07 22:54:51,452 - INFO - Updating existing record for https://www.cessionpme.com/annonce,immo-entreprise-vente-murs-programme-pole-medical-2995m2-boucau-64340,2194136,A,offre.html
2023-09-07 22:54:51,452 - INFO - Updating existing record for https://www.cessionpme.com/annonce,immo-entreprise-achat-murs-programme-pole-medical-294m2-rdc-boucau-64340,2194135,A,offre.html
2023-09-07 22:54:51,452 - INFO - Updating existing record for https://www.cessionpme.com/annonce,immo-entreprise-achat-murs-programme-pole-medical-266m2-de-boucau-64340,2194134,A,offre.html
2023-09-07 22:54:51,452 - INFO - Updating existing record for https://www.cessionpme.com/annonce,immo-entreprise-achat-murs-programme-pole-medical-2512m2-boucau-64340,2194133,A,offre.html
2023-09-07 22:54:51,453 - INFO - Updating existing record for https://www.cessionpme.com/annonce,immo-entreprise-vente-murs-programme-pole-medical-225m2-boucau-64340,2194132,A,offre.html
2023-09-07 22:54:51,453 - INFO - Updating existing record for https://www.cessionpme.com/annonce,immo-entreprise-vente-murs-programme-pole-medical-225m2-boucau-64340,2194131,A,offre.html
2023-09-07 22:54:51,453 - INFO - Updating existing record for https://www.cessionpme.com/annonce,immo-entreprise-achat-murs-programme-pole-medical-163m2-boucau-64340,2194130,A,offre.html
2023-09-07 22:54:51,453 - INFO - Updating existing record for https://www.cessionpme.com/annonce,immo-entreprise-achat-murs-programme-pole-medical-1633m2-boucau-64340,2194128,A,offre.html
2023-09-07 22:54:51,453 - INFO - Data inserted into the database successfully
2023-09-07 22:54:51,453 - INFO - Scraping URL: https://www.cessionpme.com/index.php?action=affichage&annonce=offre&moteur=OUI&type_moteur=imo&nature_imo=V&region_imo=2&commune_imo=0&multiple_lieu_imo&trap_imo&ou_imo&surfmin&et&immo_tri=prix&immo_tri=prix&surfmax&entre&entre_dab&et_dab&cwkg_rent_max&cwkg_places_min&motcle_imo&departement_imo=87&secteur_activite_imo=Locaux, Entrepôts, Terrains&rubrique_imo=
2023-09-07 22:54:51,454 - INFO - Scraping page 1
2023-09-07 22:54:54,175 - INFO - Found 1 advertisements on page 1
2023-09-07 22:54:54,175 - INFO - Found 2 advertisements on page 1
2023-09-07 22:54:54,175 - INFO - Found 3 advertisements on page 1
2023-09-07 22:54:54,176 - INFO - Found 4 advertisements on page 1
2023-09-07 22:54:54,176 - INFO - Found 5 advertisements on page 1
2023-09-07 22:54:54,176 - INFO - Found 6 advertisements on page 1
2023-09-07 22:54:54,177 - INFO - Found 7 advertisements on page 1
2023-09-07 22:54:54,177 - INFO - Found 8 advertisements on page 1
2023-09-07 22:54:54,177 - INFO - Found 9 advertisements on page 1
2023-09-07 22:54:54,177 - INFO - Found 10 advertisements on page 1
2023-09-07 22:54:54,178 - INFO - Found 11 advertisements on page 1
2023-09-07 22:54:54,178 - INFO - Found 12 advertisements on page 1
2023-09-07 22:54:54,178 - INFO - Scraping page 2
2023-09-07 22:54:55,724 - INFO - Found 13 advertisements on page 2
2023-09-07 22:54:55,725 - INFO - Found 14 advertisements on page 2
2023-09-07 22:54:55,725 - INFO - Found 15 advertisements on page 2
2023-09-07 22:54:55,725 - INFO - Found 16 advertisements on page 2
2023-09-07 22:54:55,725 - INFO - Found 17 advertisements on page 2
2023-09-07 22:54:55,726 - INFO - Found 18 advertisements on page 2
2023-09-07 22:54:55,726 - INFO - Found 19 advertisements on page 2
2023-09-07 22:54:55,726 - INFO - Found 20 advertisements on page 2
2023-09-07 22:54:55,727 - INFO - Found 21 advertisements on page 2
2023-09-07 22:54:55,727 - INFO - Found 22 advertisements on page 2
2023-09-07 22:54:55,727 - INFO - Found 23 advertisements on page 2
2023-09-07 22:54:55,727 - INFO - Found 24 advertisements on page 2
2023-09-07 22:54:55,727 - INFO - Data for department 87 saved to scrap/datas/resultats_33.json
2023-09-07 22:54:55,729 - INFO - Data for department 87 saved to scrap/datas/resultats_33.json
2023-09-07 22:54:55,730 - INFO - Updating existing record for https://www.cessionpme.com/annonce,immo-entreprise-vente-bordeaux-local-commercial-trois-conils,2220776,A,offre.html
2023-09-07 22:54:55,730 - INFO - Updating existing record for https://www.cessionpme.com/annonce,immo-entreprise-acheter-immeubles-de-rapport-proche-victoire-bordeaux,2220665,A,offre.html
2023-09-07 22:54:55,730 - INFO - Updating existing record for https://www.cessionpme.com/annonce,immo-entreprise-vente-local-commercial-bureau-gujan-mestras-33470,2220571,A,offre.html
2023-09-07 22:54:55,730 - INFO - Updating existing record for https://www.cessionpme.com/annonce,immo-entreprise-achat-bordeaux-murs-commerciaux-libres-480m2,2177919,A,offre.html
2023-09-07 22:54:55,731 - INFO - Updating existing record for https://www.cessionpme.com/annonce,immo-entreprise-vente-local-commercial-200m2-bordeaux-33300,2220260,A,offre.html
2023-09-07 22:54:55,731 - INFO - Updating existing record for https://www.cessionpme.com/annonce,immo-entreprise-achat-bureaux-la-teste-de-buch-33260,2220210,A,offre.html
2023-09-07 22:54:55,731 - INFO - Updating existing record for https://www.cessionpme.com/annonce,immo-entreprise-achat-local-activite-vendre-artigues-pres-bordeaux-gironde-33,2220201,A,offre.html
2023-09-07 22:54:55,731 - INFO - Updating existing record for https://www.cessionpme.com/annonce,immo-entreprise-vente-bureaux-vendre-artigues-pres-bordeaux-gironde-33,2220200,A,offre.html
2023-09-07 22:54:55,732 - INFO - Updating existing record for https://www.cessionpme.com/annonce,immo-entreprise-acheter-bureaux-vendre-artigues-pres-bordeaux-gironde-33,2220199,A,offre.html
2023-09-07 22:54:55,732 - INFO - Updating existing record for https://www.cessionpme.com/annonce,immo-entreprise-vente-local-activite-artigues-pres-bordeaux-33,2220196,A,offre.html
2023-09-07 22:54:55,732 - INFO - Updating existing record for https://www.cessionpme.com/annonce,immo-entreprise-acheter-bureaux-artigues-pres-bordeaux-33,2220195,A,offre.html
2023-09-07 22:54:55,732 - INFO - Updating existing record for https://www.cessionpme.com/annonce,immo-entreprise-achat-bureaux-artigues-pres-bordeaux-33,2220194,A,offre.html
2023-09-07 22:54:55,732 - INFO - Updating existing record for https://www.cessionpme.com/annonce,immo-entreprise-vente-bureaux-vendre-artigues-pres-bordeaux-gironde-33,2220192,A,offre.html
2023-09-07 22:54:55,733 - INFO - Updating existing record for https://www.cessionpme.com/annonce,immo-entreprise-achat-bureaux-vendre-artigues-pres-bordeaux-gironde-33,2220191,A,offre.html
2023-09-07 22:54:55,733 - INFO - Updating existing record for https://www.cessionpme.com/annonce,immo-entreprise-vente-local-activite-vendre-artigues-pres-bordeaux-gironde-33,2220190,A,offre.html
2023-09-07 22:54:55,733 - INFO - Updating existing record for https://www.cessionpme.com/annonce,immo-entreprise-acheter-local-commercial-vendre-bordeaux,2220189,A,offre.html
2023-09-07 22:54:55,733 - INFO - Updating existing record for https://www.cessionpme.com/annonce,immo-entreprise-acheter-murs-commerciaux-bassin-darcachon-ares-33740-centre-ville,2220036,A,offre.html
2023-09-07 22:54:55,733 - INFO - Updating existing record for https://www.cessionpme.com/annonce,immo-entreprise-vente-talence-local-commercial-200m2-33400,2219972,A,offre.html
2023-09-07 22:54:55,734 - INFO - Updating existing record for https://www.cessionpme.com/annonce,immo-entreprise-achat-murs-de-local-occupe-bordeaux,2219739,A,offre.html
2023-09-07 22:54:55,734 - INFO - Updating existing record for https://www.cessionpme.com/annonce,immo-entreprise-vente-pessac-local-commercial-52m2-33600,2219468,A,offre.html
2023-09-07 22:54:55,734 - INFO - Updating existing record for https://www.cessionpme.com/annonce,immo-entreprise-achat-local-activite-521m2-salleboeuf-33370,2219231,A,offre.html
2023-09-07 22:54:55,734 - INFO - Updating existing record for https://www.cessionpme.com/annonce,immo-entreprise-acheter-local-activite-387m2-salleboeuf-33370,2219230,A,offre.html
2023-09-07 22:54:55,734 - INFO - Updating existing record for https://www.cessionpme.com/annonce,immo-entreprise-acheter-local-activite-362m2-salleboeuf-33370,2219229,A,offre.html
2023-09-07 22:54:55,734 - INFO - Updating existing record for https://www.cessionpme.com/annonce,immo-entreprise-vente-local-activite-521m2-salleboeuf-33370,2219228,A,offre.html
2023-09-07 22:54:55,735 - INFO - Data inserted into the database successfully
2023-09-07 22:54:55,735 - INFO - Scraping URL: https://www.cessionpme.com/index.php?action=affichage&annonce=offre&moteur=OUI&type_moteur=imo&nature_imo=V&region_imo=2&commune_imo=0&multiple_lieu_imo&trap_imo&ou_imo&surfmin&et&immo_tri=prix&immo_tri=prix&surfmax&entre&entre_dab&et_dab&cwkg_rent_max&cwkg_places_min&motcle_imo&departement_imo=87&secteur_activite_imo=Bureaux, Coworking&rubrique_imo=52
2023-09-07 22:54:55,735 - INFO - Scraping page 1
2023-09-07 22:54:58,299 - INFO - Found 1 advertisements on page 1
2023-09-07 22:54:58,300 - INFO - Found 2 advertisements on page 1
2023-09-07 22:54:58,300 - INFO - Found 3 advertisements on page 1
2023-09-07 22:54:58,300 - INFO - Found 4 advertisements on page 1
2023-09-07 22:54:58,301 - INFO - Found 5 advertisements on page 1
2023-09-07 22:54:58,301 - INFO - Found 6 advertisements on page 1
2023-09-07 22:54:58,301 - INFO - Found 7 advertisements on page 1
2023-09-07 22:54:58,301 - INFO - Found 8 advertisements on page 1
2023-09-07 22:54:58,302 - INFO - Found 9 advertisements on page 1
2023-09-07 22:54:58,302 - INFO - Found 10 advertisements on page 1
2023-09-07 22:54:58,302 - INFO - Found 11 advertisements on page 1
2023-09-07 22:54:58,303 - INFO - Found 12 advertisements on page 1
2023-09-07 22:54:58,303 - INFO - Scraping page 2
2023-09-07 22:54:59,821 - INFO - Found 13 advertisements on page 2
2023-09-07 22:54:59,821 - INFO - Found 14 advertisements on page 2
2023-09-07 22:54:59,821 - INFO - Found 15 advertisements on page 2
2023-09-07 22:54:59,822 - INFO - Found 16 advertisements on page 2
2023-09-07 22:54:59,822 - INFO - Found 17 advertisements on page 2
2023-09-07 22:54:59,822 - INFO - Found 18 advertisements on page 2
2023-09-07 22:54:59,822 - INFO - Found 19 advertisements on page 2
2023-09-07 22:54:59,823 - INFO - Found 20 advertisements on page 2
2023-09-07 22:54:59,823 - INFO - Found 21 advertisements on page 2
2023-09-07 22:54:59,823 - INFO - Found 22 advertisements on page 2
2023-09-07 22:54:59,823 - INFO - Found 23 advertisements on page 2
2023-09-07 22:54:59,824 - INFO - Found 24 advertisements on page 2
2023-09-07 22:54:59,824 - INFO - Data for department 87 saved to scrap/datas/resultats_33.json
2023-09-07 22:54:59,826 - INFO - Data for department 87 saved to scrap/datas/resultats_33.json
2023-09-07 22:54:59,826 - INFO - Updating existing record for https://www.cessionpme.com/annonce,immo-entreprise-achat-bureaux-bordeaux,2219090,A,offre.html
2023-09-07 22:54:59,827 - INFO - Updating existing record for https://www.cessionpme.com/annonce,immo-entreprise-acheter-bureaux-bruges-33520,2218743,A,offre.html
2023-09-07 22:54:59,827 - INFO - Updating existing record for https://www.cessionpme.com/annonce,immo-entreprise-acheter-bureaux-tresses-33370,2218589,A,offre.html
2023-09-07 22:54:59,827 - INFO - Updating existing record for https://www.cessionpme.com/annonce,immo-entreprise-vente-bureaux-boulevards-bordeaux-33000,2218132,A,offre.html
2023-09-07 22:54:59,827 - INFO - Updating existing record for https://www.cessionpme.com/annonce,immo-entreprise-achat-bureaux-vendre-carbon-blanc-33560,2217705,A,offre.html
2023-09-07 22:54:59,828 - INFO - Updating existing record for https://www.cessionpme.com/annonce,immo-entreprise-vente-bureaux-vendre-carbon-blanc-33560,2217704,A,offre.html
2023-09-07 22:54:59,828 - INFO - Updating existing record for https://www.cessionpme.com/annonce,immo-entreprise-achat-bureaux-vendre-carbon-blanc-33560,2217703,A,offre.html
2023-09-07 22:54:59,828 - INFO - Updating existing record for https://www.cessionpme.com/annonce,immo-entreprise-acheter-bureaux-vendre-carbon-blanc-33560,2217702,A,offre.html
2023-09-07 22:54:59,828 - INFO - Updating existing record for https://www.cessionpme.com/annonce,immo-entreprise-achat-bureaux-carbon-blanc-33560,2217698,A,offre.html
2023-09-07 22:54:59,828 - INFO - Updating existing record for https://www.cessionpme.com/annonce,immo-entreprise-vente-bureaux-carbon-blanc-33560,2217697,A,offre.html
2023-09-07 22:54:59,829 - INFO - Updating existing record for https://www.cessionpme.com/annonce,immo-entreprise-vente-bureaux-carbon-blanc-33560,2217696,A,offre.html
2023-09-07 22:54:59,829 - INFO - Updating existing record for https://www.cessionpme.com/annonce,immo-entreprise-achat-bureaux-carbon-blanc-33560,2217695,A,offre.html
2023-09-07 22:54:59,829 - INFO - Updating existing record for https://www.cessionpme.com/annonce,immo-entreprise-vente-bureaux-vendre-carbon-blanc-33560,2217694,A,offre.html
2023-09-07 22:54:59,829 - INFO - Updating existing record for https://www.cessionpme.com/annonce,immo-entreprise-vente-bureaux-vendre-carbon-blanc-33560,2217693,A,offre.html
2023-09-07 22:54:59,829 - INFO - Updating existing record for https://www.cessionpme.com/annonce,immo-entreprise-vente-bureaux-vendre-carbon-blanc-33560,2217692,A,offre.html
2023-09-07 22:54:59,830 - INFO - Updating existing record for https://www.cessionpme.com/annonce,immo-entreprise-vente-bureaux-vendre-carbon-blanc-33560,2217691,A,offre.html
2023-09-07 22:54:59,830 - INFO - Updating existing record for https://www.cessionpme.com/annonce,immo-entreprise-vente-murs-professionnels-64m2-bordeaux-gambetta,2215926,A,offre.html
2023-09-07 22:54:59,830 - INFO - Updating existing record for https://www.cessionpme.com/annonce,immo-entreprise-achat-bureaux-62m2-bordeaux-proche-gambetta,2215923,A,offre.html
2023-09-07 22:54:59,830 - INFO - Updating existing record for https://www.cessionpme.com/annonce,immo-entreprise-vente-bureaux-vendre-audenge-33980,2211800,A,offre.html
2023-09-07 22:54:59,830 - INFO - Updating existing record for https://www.cessionpme.com/annonce,immo-entreprise-acheter-bureaux-vendre-audenge-33980,2211798,A,offre.html
2023-09-07 22:54:59,831 - INFO - Updating existing record for https://www.cessionpme.com/annonce,immo-entreprise-acheter-bureaux-144m2-tresses-33370,2211518,A,offre.html
2023-09-07 22:54:59,831 - INFO - Updating existing record for https://www.cessionpme.com/annonce,immo-entreprise-vente-bureaux-148m2-tresses-33370,2211516,A,offre.html
2023-09-07 22:54:59,831 - INFO - Updating existing record for https://www.cessionpme.com/annonce,immo-entreprise-acheter-bureaux-121m2-tresses-33370,2211515,A,offre.html
2023-09-07 22:54:59,831 - INFO - Updating existing record for https://www.cessionpme.com/annonce,immo-entreprise-acheter-bureaux-86m2-audenge-33980,2211259,A,offre.html
2023-09-07 22:54:59,831 - INFO - Data inserted into the database successfully
2023-09-07 22:54:59,831 - INFO - Script completed successfully.
2023-09-07 22:54:59,831 - INFO - Scraped data saved to JSON files.
2023-09-07 23:32:10,990 - INFO - Scraping URL: https://www.cessionpme.com/index.php?action=affichage&annonce=offre&moteur=OUI&type_moteur=imo&nature_imo=V&region_imo=2&commune_imo=0&multiple_lieu_imo&trap_imo&ou_imo&surfmin&et&immo_tri=prix&immo_tri=prix&surfmax&entre&entre_dab&et_dab&cwkg_rent_max&cwkg_places_min&motcle_imo&departement_imo=93&secteur_activite_imo=Locaux, Entrepôts, Terrains&rubrique_imo=
2023-09-07 23:32:10,991 - INFO - Scraping page 1
2023-09-07 23:32:12,829 - INFO - Found 1 advertisements on page 1
2023-09-07 23:32:12,830 - INFO - Found 2 advertisements on page 1
2023-09-07 23:32:12,830 - INFO - Found 3 advertisements on page 1
2023-09-07 23:32:12,830 - INFO - Found 4 advertisements on page 1
2023-09-07 23:32:12,832 - INFO - Found 5 advertisements on page 1
2023-09-07 23:32:12,832 - INFO - Found 6 advertisements on page 1
2023-09-07 23:32:12,832 - INFO - Found 7 advertisements on page 1
2023-09-07 23:32:12,833 - INFO - Found 8 advertisements on page 1
2023-09-07 23:32:12,833 - INFO - Found 9 advertisements on page 1
2023-09-07 23:32:12,834 - INFO - Found 10 advertisements on page 1
2023-09-07 23:32:12,834 - INFO - Found 11 advertisements on page 1
2023-09-07 23:32:12,835 - INFO - Found 12 advertisements on page 1
2023-09-07 23:32:12,835 - INFO - Scraping page 2
2023-09-07 23:32:14,017 - INFO - Found 13 advertisements on page 2
2023-09-07 23:32:14,017 - INFO - Found 14 advertisements on page 2
2023-09-07 23:32:14,018 - INFO - Found 15 advertisements on page 2
2023-09-07 23:32:14,018 - INFO - Found 16 advertisements on page 2
2023-09-07 23:32:14,018 - INFO - Found 17 advertisements on page 2
2023-09-07 23:32:14,019 - INFO - Found 18 advertisements on page 2
2023-09-07 23:32:14,019 - INFO - Found 19 advertisements on page 2
2023-09-07 23:32:14,019 - INFO - Found 20 advertisements on page 2
2023-09-07 23:32:14,019 - INFO - Found 21 advertisements on page 2
2023-09-07 23:32:14,020 - INFO - Found 22 advertisements on page 2
2023-09-07 23:32:14,020 - INFO - Found 23 advertisements on page 2
2023-09-07 23:32:14,020 - INFO - Data for department 93 saved to scrap/datas/resultats_64.json
2023-09-07 23:32:14,021 - INFO - Data for department 93 saved to scrap/datas/resultats_64.json
2023-09-07 23:32:14,028 - INFO - Updating existing record for https://www.cessionpme.com/annonce,immo-entreprise-acheter-bureaux-calme-et-lumineux-95m2-anglet-64600,2220827,A,offre.html
2023-09-07 23:32:14,028 - INFO - Updating existing record for https://www.cessionpme.com/annonce,immo-entreprise-achat-local-professionnel-biarritz-64200,2214134,A,offre.html
2023-09-07 23:32:14,028 - INFO - Updating existing record for https://www.cessionpme.com/annonce,immo-entreprise-achat-local-commercial-pau-64000,2218872,A,offre.html
2023-09-07 23:32:14,029 - INFO - Updating existing record for https://www.cessionpme.com/annonce,immo-entreprise-achat-murs-commerciaux-bonne-rentabilite-monein-64360,2218826,A,offre.html
2023-09-07 23:32:14,029 - INFO - Updating existing record for https://www.cessionpme.com/annonce,immo-entreprise-vente-murs-commerciaux-pau-64000,2218824,A,offre.html
2023-09-07 23:32:14,029 - INFO - Updating existing record for https://www.cessionpme.com/annonce,immo-entreprise-achat-centre-medical-pau-64000,2218345,A,offre.html
2023-09-07 23:32:14,029 - INFO - Updating existing record for https://www.cessionpme.com/annonce,immo-entreprise-acheter-locaux-pour-activite-medicale-pau-64000,2218092,A,offre.html
2023-09-07 23:32:14,029 - INFO - Updating existing record for https://www.cessionpme.com/annonce,immo-entreprise-vente-plateau-pau-64000,2218091,A,offre.html
2023-09-07 23:32:14,029 - INFO - Updating existing record for https://www.cessionpme.com/annonce,immo-entreprise-acheter-boutique-oloron-sainte-marie-64400,2217873,A,offre.html
2023-09-07 23:32:14,030 - INFO - Updating existing record for https://www.cessionpme.com/annonce,immo-entreprise-vente-murs-commerciaux-194m2-pau-64000,2217650,A,offre.html
2023-09-07 23:32:14,030 - INFO - Updating existing record for https://www.cessionpme.com/annonce,immo-entreprise-acheter-batiment-activites-agglomeration-de-pau,2217416,A,offre.html
2023-09-07 23:32:14,030 - INFO - Updating existing record for https://www.cessionpme.com/annonce,immo-entreprise-vente-plateau-proche-du-centre-ville-de-pau,2217165,A,offre.html
2023-09-07 23:32:14,030 - INFO - Updating existing record for https://www.cessionpme.com/annonce,immo-entreprise-achat-murs-commerciaux-30m2-bayonne-centre-64100,2216880,A,offre.html
2023-09-07 23:32:14,030 - INFO - Updating existing record for https://www.cessionpme.com/annonce,immo-entreprise-acheter-opportunite-sur-axe-passant-lons-64140,2216679,A,offre.html
2023-09-07 23:32:14,031 - INFO - Updating existing record for https://www.cessionpme.com/annonce,immo-entreprise-achat-ensemble-immobilier-lons-64140,2216678,A,offre.html
2023-09-07 23:32:14,031 - INFO - Updating existing record for https://www.cessionpme.com/annonce,immo-entreprise-acheter-batiment-commercial-lons-64140,2216676,A,offre.html
2023-09-07 23:32:14,031 - INFO - Updating existing record for https://www.cessionpme.com/annonce,immo-entreprise-vente-bureau-pau-64000,2216672,A,offre.html
2023-09-07 23:32:14,031 - INFO - Updating existing record for https://www.cessionpme.com/annonce,immo-entreprise-achat-plateaux-de-bureaux-pau-nord-64000,2216671,A,offre.html
2023-09-07 23:32:14,031 - INFO - Updating existing record for https://www.cessionpme.com/annonce,immo-entreprise-achat-ensemble-de-bureaux-et-locaux-activite-saint-jean-de-luz-64500,2216648,A,offre.html
2023-09-07 23:32:14,031 - INFO - Updating existing record for https://www.cessionpme.com/annonce,immo-entreprise-acheter-opportunite-investisseur-proche-clemenceau-pau-64000,2216670,A,offre.html
2023-09-07 23:32:14,032 - INFO - Updating existing record for https://www.cessionpme.com/annonce,immo-entreprise-vente-local-commercial-1153m2-hasparren-64240,2215807,A,offre.html
2023-09-07 23:32:14,032 - INFO - Updating existing record for https://www.cessionpme.com/annonce,immo-entreprise-vente-murs-commerciaux-local-professionnel-prof-liberale-biarritz-64200,2215712,A,offre.html
2023-09-07 23:32:14,032 - INFO - Updating existing record for https://www.cessionpme.com/annonce,immo-entreprise-vente-murs-restaurant-bar-logement-bayonne-64100,2215644,A,offre.html
2023-09-07 23:32:14,032 - INFO - Data inserted into the database successfully
2023-09-07 23:32:14,032 - INFO - Scraping URL: https://www.cessionpme.com/index.php?action=affichage&annonce=offre&moteur=OUI&type_moteur=imo&nature_imo=V&region_imo=2&commune_imo=0&multiple_lieu_imo&trap_imo&ou_imo&surfmin&et&immo_tri=prix&immo_tri=prix&surfmax&entre&entre_dab&et_dab&cwkg_rent_max&cwkg_places_min&motcle_imo&departement_imo=93&secteur_activite_imo=Bureaux, Coworking&rubrique_imo=52
2023-09-07 23:32:14,032 - INFO - Scraping page 1
2023-09-07 23:32:15,562 - INFO - Found 1 advertisements on page 1
2023-09-07 23:32:15,562 - INFO - Found 2 advertisements on page 1
2023-09-07 23:32:15,562 - INFO - Found 3 advertisements on page 1
2023-09-07 23:32:15,563 - INFO - Found 4 advertisements on page 1
2023-09-07 23:32:15,563 - INFO - Found 5 advertisements on page 1
2023-09-07 23:32:15,563 - INFO - Found 6 advertisements on page 1
2023-09-07 23:32:15,563 - INFO - Found 7 advertisements on page 1
2023-09-07 23:32:15,564 - INFO - Found 8 advertisements on page 1
2023-09-07 23:32:15,564 - INFO - Found 9 advertisements on page 1
2023-09-07 23:32:15,564 - INFO - Found 10 advertisements on page 1
2023-09-07 23:32:15,565 - INFO - Found 11 advertisements on page 1
2023-09-07 23:32:15,565 - INFO - Found 12 advertisements on page 1
2023-09-07 23:32:15,565 - INFO - Scraping page 2
2023-09-07 23:32:16,680 - INFO - Found 13 advertisements on page 2
2023-09-07 23:32:16,680 - INFO - Found 14 advertisements on page 2
2023-09-07 23:32:16,680 - INFO - Found 15 advertisements on page 2
2023-09-07 23:32:16,680 - INFO - Found 16 advertisements on page 2
2023-09-07 23:32:16,681 - INFO - Found 17 advertisements on page 2
2023-09-07 23:32:16,681 - INFO - Found 18 advertisements on page 2
2023-09-07 23:32:16,681 - INFO - Found 19 advertisements on page 2
2023-09-07 23:32:16,682 - INFO - Found 20 advertisements on page 2
2023-09-07 23:32:16,682 - INFO - Found 21 advertisements on page 2
2023-09-07 23:32:16,682 - INFO - Found 22 advertisements on page 2
2023-09-07 23:32:16,683 - INFO - Found 23 advertisements on page 2
2023-09-07 23:32:16,683 - INFO - Found 24 advertisements on page 2
2023-09-07 23:32:16,683 - INFO - Data for department 93 saved to scrap/datas/resultats_64.json
2023-09-07 23:32:16,685 - INFO - Data for department 93 saved to scrap/datas/resultats_64.json
2023-09-07 23:32:16,685 - INFO - Updating existing record for https://www.cessionpme.com/annonce,immo-entreprise-acheter-bureaux-calme-et-lumineux-95m2-anglet-64600,2220827,A,offre.html
2023-09-07 23:32:16,686 - INFO - Updating existing record for https://www.cessionpme.com/annonce,immo-entreprise-acheter-locaux-pour-activite-medicale-pau-64000,2218092,A,offre.html
2023-09-07 23:32:16,686 - INFO - Updating existing record for https://www.cessionpme.com/annonce,immo-entreprise-vente-plateau-pau-64000,2218091,A,offre.html
2023-09-07 23:32:16,686 - INFO - Updating existing record for https://www.cessionpme.com/annonce,immo-entreprise-vente-plateau-proche-du-centre-ville-de-pau,2217165,A,offre.html
2023-09-07 23:32:16,686 - INFO - Updating existing record for https://www.cessionpme.com/annonce,immo-entreprise-vente-bureau-pau-64000,2216672,A,offre.html
2023-09-07 23:32:16,687 - INFO - Updating existing record for https://www.cessionpme.com/annonce,immo-entreprise-achat-plateaux-de-bureaux-pau-nord-64000,2216671,A,offre.html
2023-09-07 23:32:16,687 - INFO - Updating existing record for https://www.cessionpme.com/annonce,immo-entreprise-acheter-bureaux-pau-64000,2214340,A,offre.html
2023-09-07 23:32:16,687 - INFO - Updating existing record for https://www.cessionpme.com/annonce,immo-entreprise-achat-bureaux-pau-64000,2212186,A,offre.html
2023-09-07 23:32:16,687 - INFO - Updating existing record for https://www.cessionpme.com/annonce,immo-entreprise-acheter-bureaux-proche-de-tous-les-transports-serres-castet-64121,2212185,A,offre.html
2023-09-07 23:32:16,687 - INFO - Updating existing record for https://www.cessionpme.com/annonce,immo-entreprise-achat-bureaux-pau-64000,2212184,A,offre.html
2023-09-07 23:32:16,688 - INFO - Updating existing record for https://www.cessionpme.com/annonce,immo-entreprise-vente-bureaux-de-68-m2-lumineux-serres-castet-64121,2212183,A,offre.html
2023-09-07 23:32:16,688 - INFO - Updating existing record for https://www.cessionpme.com/annonce,immo-entreprise-achat-bureaux-serres-castet-64121,2212182,A,offre.html
2023-09-07 23:32:16,688 - INFO - Updating existing record for https://www.cessionpme.com/annonce,immo-entreprise-acheter-anglet-bureaux-ref-7049fd-64600,2211072,A,offre.html
2023-09-07 23:32:16,688 - INFO - Updating existing record for https://www.cessionpme.com/annonce,immo-entreprise-vente-bureaux-en-zone-activite-saint-jean-de-luz-64500,2208110,A,offre.html
2023-09-07 23:32:16,688 - INFO - Updating existing record for https://www.cessionpme.com/annonce,immo-entreprise-achat-biarritz-bureau-40m2-64200,2200560,A,offre.html
2023-09-07 23:32:16,688 - INFO - Updating existing record for https://www.cessionpme.com/annonce,immo-entreprise-achat-pau-bureaux-2600m2-64000,2197307,A,offre.html
2023-09-07 23:32:16,689 - INFO - Updating existing record for https://www.cessionpme.com/annonce,immo-entreprise-vente-murs-programme-pole-medical-2995m2-boucau-64340,2194136,A,offre.html
2023-09-07 23:32:16,689 - INFO - Updating existing record for https://www.cessionpme.com/annonce,immo-entreprise-achat-murs-programme-pole-medical-294m2-rdc-boucau-64340,2194135,A,offre.html
2023-09-07 23:32:16,689 - INFO - Updating existing record for https://www.cessionpme.com/annonce,immo-entreprise-achat-murs-programme-pole-medical-266m2-de-boucau-64340,2194134,A,offre.html
2023-09-07 23:32:16,689 - INFO - Updating existing record for https://www.cessionpme.com/annonce,immo-entreprise-achat-murs-programme-pole-medical-2512m2-boucau-64340,2194133,A,offre.html
2023-09-07 23:32:16,689 - INFO - Updating existing record for https://www.cessionpme.com/annonce,immo-entreprise-vente-murs-programme-pole-medical-225m2-boucau-64340,2194132,A,offre.html
2023-09-07 23:32:16,689 - INFO - Updating existing record for https://www.cessionpme.com/annonce,immo-entreprise-vente-murs-programme-pole-medical-225m2-boucau-64340,2194131,A,offre.html
2023-09-07 23:32:16,690 - INFO - Updating existing record for https://www.cessionpme.com/annonce,immo-entreprise-achat-murs-programme-pole-medical-163m2-boucau-64340,2194130,A,offre.html
2023-09-07 23:32:16,690 - INFO - Updating existing record for https://www.cessionpme.com/annonce,immo-entreprise-achat-murs-programme-pole-medical-1633m2-boucau-64340,2194128,A,offre.html
2023-09-07 23:32:16,690 - INFO - Data inserted into the database successfully
2023-09-07 23:32:16,690 - INFO - Scraping URL: https://www.cessionpme.com/index.php?action=affichage&annonce=offre&moteur=OUI&type_moteur=imo&nature_imo=V&region_imo=2&commune_imo=0&multiple_lieu_imo&trap_imo&ou_imo&surfmin&et&immo_tri=prix&immo_tri=prix&surfmax&entre&entre_dab&et_dab&cwkg_rent_max&cwkg_places_min&motcle_imo&departement_imo=87&secteur_activite_imo=Locaux, Entrepôts, Terrains&rubrique_imo=
2023-09-07 23:32:16,690 - INFO - Scraping page 1
2023-09-07 23:32:18,682 - INFO - Found 1 advertisements on page 1
2023-09-07 23:32:18,682 - INFO - Found 2 advertisements on page 1
2023-09-07 23:32:18,683 - INFO - Found 3 advertisements on page 1
2023-09-07 23:32:18,683 - INFO - Found 4 advertisements on page 1
2023-09-07 23:32:18,683 - INFO - Found 5 advertisements on page 1
2023-09-07 23:32:18,684 - INFO - Found 6 advertisements on page 1
2023-09-07 23:32:18,684 - INFO - Found 7 advertisements on page 1
2023-09-07 23:32:18,684 - INFO - Found 8 advertisements on page 1
2023-09-07 23:32:18,684 - INFO - Found 9 advertisements on page 1
2023-09-07 23:32:18,685 - INFO - Found 10 advertisements on page 1
2023-09-07 23:32:18,685 - INFO - Found 11 advertisements on page 1
2023-09-07 23:32:18,685 - INFO - Found 12 advertisements on page 1
2023-09-07 23:32:18,685 - INFO - Scraping page 2
2023-09-07 23:32:20,029 - INFO - Found 13 advertisements on page 2
2023-09-07 23:32:20,029 - INFO - Found 14 advertisements on page 2
2023-09-07 23:32:20,030 - INFO - Found 15 advertisements on page 2
2023-09-07 23:32:20,030 - INFO - Found 16 advertisements on page 2
2023-09-07 23:32:20,031 - INFO - Found 17 advertisements on page 2
2023-09-07 23:32:20,031 - INFO - Found 18 advertisements on page 2
2023-09-07 23:32:20,031 - INFO - Found 19 advertisements on page 2
2023-09-07 23:32:20,032 - INFO - Found 20 advertisements on page 2
2023-09-07 23:32:20,032 - INFO - Found 21 advertisements on page 2
2023-09-07 23:32:20,033 - INFO - Found 22 advertisements on page 2
2023-09-07 23:32:20,033 - INFO - Found 23 advertisements on page 2
2023-09-07 23:32:20,033 - INFO - Found 24 advertisements on page 2
2023-09-07 23:32:20,034 - INFO - Data for department 87 saved to scrap/datas/resultats_33.json
2023-09-07 23:32:20,035 - INFO - Data for department 87 saved to scrap/datas/resultats_33.json
2023-09-07 23:32:20,036 - INFO - Updating existing record for https://www.cessionpme.com/annonce,immo-entreprise-vente-bordeaux-local-commercial-trois-conils,2220776,A,offre.html
2023-09-07 23:32:20,036 - INFO - Updating existing record for https://www.cessionpme.com/annonce,immo-entreprise-acheter-immeubles-de-rapport-proche-victoire-bordeaux,2220665,A,offre.html
2023-09-07 23:32:20,036 - INFO - Updating existing record for https://www.cessionpme.com/annonce,immo-entreprise-vente-local-commercial-bureau-gujan-mestras-33470,2220571,A,offre.html
2023-09-07 23:32:20,036 - INFO - Updating existing record for https://www.cessionpme.com/annonce,immo-entreprise-achat-bordeaux-murs-commerciaux-libres-480m2,2177919,A,offre.html
2023-09-07 23:32:20,037 - INFO - Updating existing record for https://www.cessionpme.com/annonce,immo-entreprise-vente-local-commercial-200m2-bordeaux-33300,2220260,A,offre.html
2023-09-07 23:32:20,037 - INFO - Updating existing record for https://www.cessionpme.com/annonce,immo-entreprise-achat-bureaux-la-teste-de-buch-33260,2220210,A,offre.html
2023-09-07 23:32:20,037 - INFO - Updating existing record for https://www.cessionpme.com/annonce,immo-entreprise-achat-local-activite-vendre-artigues-pres-bordeaux-gironde-33,2220201,A,offre.html
2023-09-07 23:32:20,037 - INFO - Updating existing record for https://www.cessionpme.com/annonce,immo-entreprise-vente-bureaux-vendre-artigues-pres-bordeaux-gironde-33,2220200,A,offre.html
2023-09-07 23:32:20,037 - INFO - Updating existing record for https://www.cessionpme.com/annonce,immo-entreprise-acheter-bureaux-vendre-artigues-pres-bordeaux-gironde-33,2220199,A,offre.html
2023-09-07 23:32:20,038 - INFO - Updating existing record for https://www.cessionpme.com/annonce,immo-entreprise-vente-local-activite-artigues-pres-bordeaux-33,2220196,A,offre.html
2023-09-07 23:32:20,038 - INFO - Updating existing record for https://www.cessionpme.com/annonce,immo-entreprise-acheter-bureaux-artigues-pres-bordeaux-33,2220195,A,offre.html
2023-09-07 23:32:20,038 - INFO - Updating existing record for https://www.cessionpme.com/annonce,immo-entreprise-achat-bureaux-artigues-pres-bordeaux-33,2220194,A,offre.html
2023-09-07 23:32:20,038 - INFO - Updating existing record for https://www.cessionpme.com/annonce,immo-entreprise-vente-bureaux-vendre-artigues-pres-bordeaux-gironde-33,2220192,A,offre.html
2023-09-07 23:32:20,039 - INFO - Updating existing record for https://www.cessionpme.com/annonce,immo-entreprise-achat-bureaux-vendre-artigues-pres-bordeaux-gironde-33,2220191,A,offre.html
2023-09-07 23:32:20,039 - INFO - Updating existing record for https://www.cessionpme.com/annonce,immo-entreprise-vente-local-activite-vendre-artigues-pres-bordeaux-gironde-33,2220190,A,offre.html
2023-09-07 23:32:20,039 - INFO - Updating existing record for https://www.cessionpme.com/annonce,immo-entreprise-acheter-local-commercial-vendre-bordeaux,2220189,A,offre.html
2023-09-07 23:32:20,039 - INFO - Updating existing record for https://www.cessionpme.com/annonce,immo-entreprise-acheter-murs-commerciaux-bassin-darcachon-ares-33740-centre-ville,2220036,A,offre.html
2023-09-07 23:32:20,039 - INFO - Updating existing record for https://www.cessionpme.com/annonce,immo-entreprise-vente-talence-local-commercial-200m2-33400,2219972,A,offre.html
2023-09-07 23:32:20,039 - INFO - Updating existing record for https://www.cessionpme.com/annonce,immo-entreprise-achat-murs-de-local-occupe-bordeaux,2219739,A,offre.html
2023-09-07 23:32:20,040 - INFO - Updating existing record for https://www.cessionpme.com/annonce,immo-entreprise-vente-pessac-local-commercial-52m2-33600,2219468,A,offre.html
2023-09-07 23:32:20,040 - INFO - Updating existing record for https://www.cessionpme.com/annonce,immo-entreprise-achat-local-activite-521m2-salleboeuf-33370,2219231,A,offre.html
2023-09-07 23:32:20,040 - INFO - Updating existing record for https://www.cessionpme.com/annonce,immo-entreprise-acheter-local-activite-387m2-salleboeuf-33370,2219230,A,offre.html
2023-09-07 23:32:20,040 - INFO - Updating existing record for https://www.cessionpme.com/annonce,immo-entreprise-acheter-local-activite-362m2-salleboeuf-33370,2219229,A,offre.html
2023-09-07 23:32:20,040 - INFO - Updating existing record for https://www.cessionpme.com/annonce,immo-entreprise-vente-local-activite-521m2-salleboeuf-33370,2219228,A,offre.html
2023-09-07 23:32:20,040 - INFO - Data inserted into the database successfully
2023-09-07 23:32:20,040 - INFO - Scraping URL: https://www.cessionpme.com/index.php?action=affichage&annonce=offre&moteur=OUI&type_moteur=imo&nature_imo=V&region_imo=2&commune_imo=0&multiple_lieu_imo&trap_imo&ou_imo&surfmin&et&immo_tri=prix&immo_tri=prix&surfmax&entre&entre_dab&et_dab&cwkg_rent_max&cwkg_places_min&motcle_imo&departement_imo=87&secteur_activite_imo=Bureaux, Coworking&rubrique_imo=52
2023-09-07 23:32:20,040 - INFO - Scraping page 1
2023-09-07 23:32:21,381 - INFO - Found 1 advertisements on page 1
2023-09-07 23:32:21,382 - INFO - Found 2 advertisements on page 1
2023-09-07 23:32:21,382 - INFO - Found 3 advertisements on page 1
2023-09-07 23:32:21,382 - INFO - Found 4 advertisements on page 1
2023-09-07 23:32:21,383 - INFO - Found 5 advertisements on page 1
2023-09-07 23:32:21,383 - INFO - Found 6 advertisements on page 1
2023-09-07 23:32:21,383 - INFO - Found 7 advertisements on page 1
2023-09-07 23:32:21,384 - INFO - Found 8 advertisements on page 1
2023-09-07 23:32:21,384 - INFO - Found 9 advertisements on page 1
2023-09-07 23:32:21,384 - INFO - Found 10 advertisements on page 1
2023-09-07 23:32:21,384 - INFO - Found 11 advertisements on page 1
2023-09-07 23:32:21,385 - INFO - Found 12 advertisements on page 1
2023-09-07 23:32:21,385 - INFO - Scraping page 2
2023-09-07 23:32:22,895 - INFO - Found 13 advertisements on page 2
2023-09-07 23:32:22,895 - INFO - Found 14 advertisements on page 2
2023-09-07 23:32:22,896 - INFO - Found 15 advertisements on page 2
2023-09-07 23:32:22,896 - INFO - Found 16 advertisements on page 2
2023-09-07 23:32:22,896 - INFO - Found 17 advertisements on page 2
2023-09-07 23:32:22,897 - INFO - Found 18 advertisements on page 2
2023-09-07 23:32:22,897 - INFO - Found 19 advertisements on page 2
2023-09-07 23:32:22,898 - INFO - Found 20 advertisements on page 2
2023-09-07 23:32:22,898 - INFO - Found 21 advertisements on page 2
2023-09-07 23:32:22,898 - INFO - Found 22 advertisements on page 2
2023-09-07 23:32:22,899 - INFO - Found 23 advertisements on page 2
2023-09-07 23:32:22,899 - INFO - Found 24 advertisements on page 2
2023-09-07 23:32:22,899 - INFO - Data for department 87 saved to scrap/datas/resultats_33.json
2023-09-07 23:32:22,901 - INFO - Data for department 87 saved to scrap/datas/resultats_33.json
2023-09-07 23:32:22,902 - INFO - Updating existing record for https://www.cessionpme.com/annonce,immo-entreprise-achat-bureaux-bordeaux,2219090,A,offre.html
2023-09-07 23:32:22,902 - INFO - Updating existing record for https://www.cessionpme.com/annonce,immo-entreprise-acheter-bureaux-bruges-33520,2218743,A,offre.html
2023-09-07 23:32:22,902 - INFO - Updating existing record for https://www.cessionpme.com/annonce,immo-entreprise-acheter-bureaux-tresses-33370,2218589,A,offre.html
2023-09-07 23:32:22,902 - INFO - Updating existing record for https://www.cessionpme.com/annonce,immo-entreprise-vente-bureaux-boulevards-bordeaux-33000,2218132,A,offre.html
2023-09-07 23:32:22,903 - INFO - Updating existing record for https://www.cessionpme.com/annonce,immo-entreprise-achat-bureaux-vendre-carbon-blanc-33560,2217705,A,offre.html
2023-09-07 23:32:22,903 - INFO - Updating existing record for https://www.cessionpme.com/annonce,immo-entreprise-vente-bureaux-vendre-carbon-blanc-33560,2217704,A,offre.html
2023-09-07 23:32:22,903 - INFO - Updating existing record for https://www.cessionpme.com/annonce,immo-entreprise-achat-bureaux-vendre-carbon-blanc-33560,2217703,A,offre.html
2023-09-07 23:32:22,903 - INFO - Updating existing record for https://www.cessionpme.com/annonce,immo-entreprise-acheter-bureaux-vendre-carbon-blanc-33560,2217702,A,offre.html
2023-09-07 23:32:22,903 - INFO - Updating existing record for https://www.cessionpme.com/annonce,immo-entreprise-achat-bureaux-carbon-blanc-33560,2217698,A,offre.html
2023-09-07 23:32:22,904 - INFO - Updating existing record for https://www.cessionpme.com/annonce,immo-entreprise-vente-bureaux-carbon-blanc-33560,2217697,A,offre.html
2023-09-07 23:32:22,904 - INFO - Updating existing record for https://www.cessionpme.com/annonce,immo-entreprise-vente-bureaux-carbon-blanc-33560,2217696,A,offre.html
2023-09-07 23:32:22,904 - INFO - Updating existing record for https://www.cessionpme.com/annonce,immo-entreprise-achat-bureaux-carbon-blanc-33560,2217695,A,offre.html
2023-09-07 23:32:22,904 - INFO - Updating existing record for https://www.cessionpme.com/annonce,immo-entreprise-vente-bureaux-vendre-carbon-blanc-33560,2217694,A,offre.html
2023-09-07 23:32:22,904 - INFO - Updating existing record for https://www.cessionpme.com/annonce,immo-entreprise-vente-bureaux-vendre-carbon-blanc-33560,2217693,A,offre.html
2023-09-07 23:32:22,905 - INFO - Updating existing record for https://www.cessionpme.com/annonce,immo-entreprise-vente-bureaux-vendre-carbon-blanc-33560,2217692,A,offre.html
2023-09-07 23:32:22,905 - INFO - Updating existing record for https://www.cessionpme.com/annonce,immo-entreprise-vente-bureaux-vendre-carbon-blanc-33560,2217691,A,offre.html
2023-09-07 23:32:22,905 - INFO - Updating existing record for https://www.cessionpme.com/annonce,immo-entreprise-vente-murs-professionnels-64m2-bordeaux-gambetta,2215926,A,offre.html
2023-09-07 23:32:22,905 - INFO - Updating existing record for https://www.cessionpme.com/annonce,immo-entreprise-achat-bureaux-62m2-bordeaux-proche-gambetta,2215923,A,offre.html
2023-09-07 23:32:22,905 - INFO - Updating existing record for https://www.cessionpme.com/annonce,immo-entreprise-vente-bureaux-vendre-audenge-33980,2211800,A,offre.html
2023-09-07 23:32:22,906 - INFO - Updating existing record for https://www.cessionpme.com/annonce,immo-entreprise-acheter-bureaux-vendre-audenge-33980,2211798,A,offre.html
2023-09-07 23:32:22,906 - INFO - Updating existing record for https://www.cessionpme.com/annonce,immo-entreprise-acheter-bureaux-144m2-tresses-33370,2211518,A,offre.html
2023-09-07 23:32:22,906 - INFO - Updating existing record for https://www.cessionpme.com/annonce,immo-entreprise-vente-bureaux-148m2-tresses-33370,2211516,A,offre.html
2023-09-07 23:32:22,906 - INFO - Updating existing record for https://www.cessionpme.com/annonce,immo-entreprise-acheter-bureaux-121m2-tresses-33370,2211515,A,offre.html
2023-09-07 23:32:22,906 - INFO - Updating existing record for https://www.cessionpme.com/annonce,immo-entreprise-acheter-bureaux-86m2-audenge-33980,2211259,A,offre.html
2023-09-07 23:32:22,906 - INFO - Data inserted into the database successfully
2023-09-07 23:32:22,906 - INFO - Script completed successfully.
2023-09-07 23:32:22,907 - INFO - Scraped data saved to JSON files.
